#
# A fatal error has been detected by the Java Runtime Environment:
#
#  Internal Error (javaClasses.cpp:136), pid=6760, tid=6964
#  fatal error: Invalid layout of preloaded class
#
# JRE version:  (7.0_40-b43) (build )
# Java VM: Java HotSpot(TM) 64-Bit Server VM (24.0-b56 mixed mode windows-amd64 compressed oops)
# Failed to write core dump. Minidumps are not enabled by default on client versions of Windows
#
# If you would like to submit a bug report, please visit:
#   http://bugreport.sun.com/bugreport/crash.jsp
#

---------------  T H R E A D  ---------------

Current thread (0x00000000004ae000):  JavaThread "Unknown thread" [_thread_in_vm, id=6964, stack(0x0000000002530000,0x0000000002630000)]

Stack: [0x0000000002530000,0x0000000002630000]

---------------  P R O C E S S  ---------------

Java Threads: ( => current thread )

Other Threads:

=>0x00000000004ae000 (exited) JavaThread "Unknown thread" [_thread_in_vm, id=6964, stack(0x0000000002530000,0x0000000002630000)]

VM state:not at safepoint (not fully initialized)

VM Mutex/Monitor currently owned by a thread: None

GC Heap History (0 events):
No events

Deoptimization events (0 events):
No events

Internal exceptions (0 events):
No events

Events (10 events):
Event: 0.029 loading class 0x00000000023fd280 done
Event: 0.029 loading class 0x00000000023fcca0 done
Event: 0.029 loading class 0x00000000023fcc80
Event: 0.029 loading class 0x0000000002404d80
Event: 0.029 loading class 0x0000000002404d80 done
Event: 0.029 loading class 0x0000000002404db0
Event: 0.030 loading class 0x0000000002404db0 done
Event: 0.030 loading class 0x0000000002404de0
Event: 0.030 loading class 0x0000000002404de0 done
Event: 0.030 loading class 0x00000000023fcc80 done


Dynamic libraries:
0x000000013f3b0000 - 0x000000013f3e3000 	C:\Program Files\Java\jre7\bin\javaw.exe
0x0000000076f80000 - 0x0000000077129000 	C:\Windows\SYSTEM32\ntdll.dll
0x0000000076e60000 - 0x0000000076f7f000 	C:\Windows\system32\kernel32.dll
0x000007fefce10000 - 0x000007fefce7b000 	C:\Windows\system32\KERNELBASE.dll
0x000007fefd330000 - 0x000007fefd40b000 	C:\Windows\system32\ADVAPI32.dll
0x000007fefd520000 - 0x000007fefd5bf000 	C:\Windows\system32\msvcrt.dll
0x000007fefd160000 - 0x000007fefd17f000 	C:\Windows\SYSTEM32\sechost.dll
0x000007fefecb0000 - 0x000007fefeddd000 	C:\Windows\system32\RPCRT4.dll
0x0000000076d60000 - 0x0000000076e5a000 	C:\Windows\system32\USER32.dll
0x000007fefd260000 - 0x000007fefd2c7000 	C:\Windows\system32\GDI32.dll
0x000007fefee60000 - 0x000007fefee6e000 	C:\Windows\system32\LPK.dll
0x000007fefebe0000 - 0x000007fefeca9000 	C:\Windows\system32\USP10.dll
0x000007fefb300000 - 0x000007fefb4f4000 	C:\Windows\WinSxS\amd64_microsoft.windows.common-controls_6595b64144ccf1df_6.0.7601.17514_none_fa396087175ac9ac\COMCTL32.dll
0x000007fefee70000 - 0x000007fefeee1000 	C:\Windows\system32\SHLWAPI.dll
0x000007feff260000 - 0x000007feff28e000 	C:\Windows\system32\IMM32.DLL
0x000007fefd410000 - 0x000007fefd519000 	C:\Windows\system32\MSCTF.dll
0x000007fefcce0000 - 0x000007fefcd24000 	C:\Windows\system32\nvinitx.dll
0x0000000079220000 - 0x00000000792f1000 	C:\Program Files\Java\jre7\bin\msvcr100.dll
0x000000006e960000 - 0x000000006f129000 	C:\Program Files\Java\jre7\bin\server\jvm.dll
0x000007fef7d40000 - 0x000007fef7d49000 	C:\Windows\system32\WSOCK32.dll
0x000007fefeaf0000 - 0x000007fefeb3d000 	C:\Windows\system32\WS2_32.dll
0x000007fefeae0000 - 0x000007fefeae8000 	C:\Windows\system32\NSI.dll
0x000007fefa220000 - 0x000007fefa25b000 	C:\Windows\system32\WINMM.dll
0x0000000077150000 - 0x0000000077157000 	C:\Windows\system32\PSAPI.DLL
0x0000000073c40000 - 0x0000000073c4f000 	C:\Program Files\Java\jre7\bin\verify.dll
0x0000000073c10000 - 0x0000000073c38000 	C:\Program Files\Java\jre7\bin\java.dll
0x0000000073850000 - 0x0000000073865000 	C:\Program Files\Java\jre7\bin\zip.dll

VM Arguments:
jvm_args: -Dfile.encoding=MS950_HKSCS -Xbootclasspath:D:\adt-bundle-windows-x86_64-20131030\sdk\platforms\android-19\android.jar 
java_command: org.eclipse.jdt.internal.junit.runner.RemoteTestRunner -version 3 -port 50023 -testLoaderClass org.eclipse.jdt.internal.junit4.runner.JUnit4TestLoader -loaderpluginname org.eclipse.jdt.junit4.runtime -testNameFile C:\Users\GORDON~1\AppData\Local\Temp\testNames8078281680959178763.txt
Launcher Type: SUN_STANDARD

Environment Variables:
PATH=C:\Program Files (x86)\NVIDIA Corporation\PhysX\Common;C:\Program Files (x86)\Intel\iCLS Client\;C:\Program Files\Intel\iCLS Client\;C:\Program Files\Common Files\Microsoft Shared\Windows Live;C:\Program Files (x86)\Common Files\Microsoft Shared\Windows Live;C:\Windows\system32;C:\Windows;C:\Windows\System32\Wbem;C:\Windows\System32\WindowsPowerShell\v1.0\;C:\Program Files (x86)\Windows Live\Shared;C:\Program Files (x86)\Intel\OpenCL SDK\2.0\bin\x86;C:\Program Files (x86)\Intel\OpenCL SDK\2.0\bin\x64;C:\Program Files\Intel\Intel(R) Management Engine Components\DAL;C:\Program Files\Intel\Intel(R) Management Engine Components\IPT;C:\Program Files (x86)\Intel\Intel(R) Management Engine Components\DAL;C:\Program Files (x86)\Intel\Intel(R) Management Engine Components\IPT;C:\Program Files\doxygen\bin;D:\adt-bundle-windows-x86_64-20131030\sdk\platform-tools;C:\Program Files (x86)\SSH Communications Security\SSH Secure Shell
USERNAME=Gordon Wong
OS=Windows_NT
PROCESSOR_IDENTIFIER=Intel64 Family 6 Model 58 Stepping 9, GenuineIntel



---------------  S Y S T E M  ---------------

OS: Windows 7 , 64 bit Build 7601 Service Pack 1

CPU:total 4 (2 cores per cpu, 2 threads per core) family 6 model 58 stepping 9, cmov, cx8, fxsr, mmx, sse, sse2, sse3, ssse3, sse4.1, sse4.2, popcnt, avx, aes, erms, ht, tsc, tscinvbit, tscinv

Memory: 4k page, physical 3984996k(1315756k free), swap 7968128k(4485860k free)

vm_info: Java HotSpot(TM) 64-Bit Server VM (24.0-b56) for windows-amd64 JRE (1.7.0_40-b43), built on Aug 26 2013 22:38:32 by "java_re" with unknown MS VC++:1600

time: Sun Apr 13 15:40:12 2014
elapsed time: 0 seconds

